Build started 5/17/2013 0:12:17.
     1>Project "C:\Users\Administrator\Desktop\vitamincplusplus-master\Build\vs2010\StepStone.vcxproj" on node 2 (build target(s)).
     1>InitializeBuildStatus:
         Creating "obj\x32\Debug\StepStone\StepStone.unsuccessfulbuild" because "AlwaysCreate" was specified.
       ClCompile:
         C:\Program Files\Microsoft Visual Studio 10.0\VC\bin\CL.exe /c /I..\.. /Zi /nologo /W3 /WX- /Od /Oy- /D _CRT_SECURE_NO_WARNINGS /D _MBCS /Gm- /EHsc /RTC1 /MDd /GS /Gy /fp:precise /Zc:wchar_t /Zc:forScope /Fo"obj\x32\Debug\StepStone\\" /Fd"bin\Debug\StepStone.pdb" /Gd /TP /analyze- /errorReport:prompt ..\..\StepStone\Framework\Graphics.cpp
         Graphics.cpp
     1>..\..\StepStone\Framework\Graphics.cpp(76): warning C4244: 'initializing' : conversion from 'float' to 'int', possible loss of data
     1>..\..\StepStone\Framework\Graphics.cpp(99): warning C4244: 'argument' : conversion from 'unsigned int' to 'GLfloat', possible loss of data
     1>..\..\StepStone\Framework\Graphics.cpp(99): warning C4244: 'argument' : conversion from 'unsigned int' to 'GLfloat', possible loss of data
     1>..\..\StepStone\Framework\Graphics.cpp(100): warning C4244: 'argument' : conversion from 'unsigned int' to 'GLfloat', possible loss of data
     1>..\..\StepStone\Framework\Graphics.cpp(102): warning C4244: 'argument' : conversion from 'unsigned int' to 'GLfloat', possible loss of data
       Link:
         C:\Program Files\Microsoft Visual Studio 10.0\VC\bin\link.exe /ERRORREPORT:PROMPT /OUT:"bin\Debug\StepStone.exe" /INCREMENTAL:NO /NOLOGO bin\Debug\Box2D.lib bin\Debug\FreeGLUT.lib bin\Debug\LuaPlusFramework.lib bin\Debug\LodePNG.lib bin\Debug\PortAudio.lib bin\Debug\mpg123.lib glu32.lib opengl32.lib winmm.lib kernel32.lib user32.lib gdi32.lib winspool.lib comdlg32.lib advapi32.lib shell32.lib ole32.lib oleaut32.lib uuid.lib odbc32.lib odbccp32.lib /MANIFEST /ManifestFile:"obj\x32\Debug\StepStone\StepStone.exe.intermediate.manifest" /MANIFESTUAC:"level='asInvoker' uiAccess='false'" /DEBUG /PDB:"C:\Users\Administrator\Desktop\vitamincplusplus-master\Build\vs2010\bin\Debug\StepStone.pdb" /SUBSYSTEM:CONSOLE /TLBID:1 /ENTRY:"mainCRTStartup" /DYNAMICBASE /NXCOMPAT /IMPLIB:"bin\Debug\StepStone.lib" /MACHINE:X86 obj\x32\Debug\StepStone\Graphics.obj
         obj\x32\Debug\StepStone\LuaLevel.obj
         obj\x32\Debug\StepStone\Main.obj
         obj\x32\Debug\StepStone\Sound.obj
         obj\x32\Debug\StepStone\Render.obj
         StepStone.vcxproj -> C:\Users\Administrator\Desktop\vitamincplusplus-master\Build\vs2010\bin\Debug\StepStone.exe
       Manifest:
         c:\Program Files\Microsoft SDKs\Windows\v7.0A\bin\mt.exe /nologo /verbose /outputresource:"bin\Debug\StepStone.exe;#1" /manifest obj\x32\Debug\StepStone\StepStone.exe.intermediate.manifest
       FinalizeBuildStatus:
         Deleting file "obj\x32\Debug\StepStone\StepStone.unsuccessfulbuild".
         Touching "obj\x32\Debug\StepStone\StepStone.lastbuildstate".
     1>Done Building Project "C:\Users\Administrator\Desktop\vitamincplusplus-master\Build\vs2010\StepStone.vcxproj" (build target(s)).

Build succeeded.

Time Elapsed 00:00:01.32
