C:\USERS\DAVID\DROPBOX\BOX2D\BUILD\VS2010\OBJ\X32\DEBUG\STEPSTONE\LUALEVEL.OBJ
C:\USERS\DAVID\DROPBOX\BOX2D\BUILD\VS2010\OBJ\X32\DEBUG\STEPSTONE\MAIN.OBJ
C:\USERS\DAVID\DROPBOX\BOX2D\BUILD\VS2010\OBJ\X32\DEBUG\STEPSTONE\RENDER.OBJ
C:\USERS\DAVID\DROPBOX\BOX2D\BUILD\VS2010\OBJ\X32\DEBUG\STEPSTONE\TEST.OBJ
C:\USERS\DAVID\DROPBOX\BOX2D\BUILD\VS2010\OBJ\X32\DEBUG\STEPSTONE\TESTENTRIES.OBJ
C:\USERS\DAVID\DROPBOX\BOX2D\BUILD\VS2010\BIN\DEBUG\STEPSTONE.PDB
C:\USERS\DAVID\DROPBOX\BOX2D\BUILD\VS2010\BIN\DEBUG\STEPSTONE.ILK
C:\USERS\DAVID\DROPBOX\BOX2D\BUILD\VS2010\BIN\DEBUG\STEPSTONE.EXE
C:\Users\David\Dropbox\box2d\Build\vs2010\obj\x32\Debug\StepStone\LuaLevel.obj
C:\Users\David\Dropbox\box2d\Build\vs2010\obj\x32\Debug\StepStone\Main.obj
C:\Users\David\Dropbox\box2d\Build\vs2010\obj\x32\Debug\StepStone\Render.obj
C:\Users\David\Dropbox\box2d\Build\vs2010\obj\x32\Debug\StepStone\Test.obj
C:\Users\David\Dropbox\box2d\Build\vs2010\obj\x32\Debug\StepStone\TestEntries.obj
C:\Users\David\Dropbox\box2d\Build\vs2010\obj\x32\Debug\StepStone\cl.command.1.tlog
C:\Users\David\Dropbox\box2d\Build\vs2010\obj\x32\Debug\StepStone\CL.read.1.tlog
C:\Users\David\Dropbox\box2d\Build\vs2010\obj\x32\Debug\StepStone\CL.write.1.tlog
C:\Users\David\Dropbox\box2d\Build\vs2010\obj\x32\Debug\StepStone\link-cvtres.read.1.tlog
C:\Users\David\Dropbox\box2d\Build\vs2010\obj\x32\Debug\StepStone\link-cvtres.write.1.tlog
C:\Users\David\Dropbox\box2d\Build\vs2010\obj\x32\Debug\StepStone\link-rc.read.1.tlog
C:\Users\David\Dropbox\box2d\Build\vs2010\obj\x32\Debug\StepStone\link-rc.write.1.tlog
C:\Users\David\Dropbox\box2d\Build\vs2010\obj\x32\Debug\StepStone\link.1096-cvtres.read.1.tlog
C:\Users\David\Dropbox\box2d\Build\vs2010\obj\x32\Debug\StepStone\link.1096-cvtres.write.1.tlog
C:\Users\David\Dropbox\box2d\Build\vs2010\obj\x32\Debug\StepStone\link.1096-rc.read.1.tlog
C:\Users\David\Dropbox\box2d\Build\vs2010\obj\x32\Debug\StepStone\link.1096-rc.write.1.tlog
C:\Users\David\Dropbox\box2d\Build\vs2010\obj\x32\Debug\StepStone\link.1096.read.1.tlog
C:\Users\David\Dropbox\box2d\Build\vs2010\obj\x32\Debug\StepStone\link.1096.write.1.tlog
C:\Users\David\Dropbox\box2d\Build\vs2010\obj\x32\Debug\StepStone\link.11140-cvtres.read.1.tlog
C:\Users\David\Dropbox\box2d\Build\vs2010\obj\x32\Debug\StepStone\link.11140-cvtres.write.1.tlog
C:\Users\David\Dropbox\box2d\Build\vs2010\obj\x32\Debug\StepStone\link.11140-rc.read.1.tlog
C:\Users\David\Dropbox\box2d\Build\vs2010\obj\x32\Debug\StepStone\link.11140-rc.write.1.tlog
C:\Users\David\Dropbox\box2d\Build\vs2010\obj\x32\Debug\StepStone\link.11140.read.1.tlog
C:\Users\David\Dropbox\box2d\Build\vs2010\obj\x32\Debug\StepStone\link.11140.write.1.tlog
C:\Users\David\Dropbox\box2d\Build\vs2010\obj\x32\Debug\StepStone\link.1160-cvtres.read.1.tlog
C:\Users\David\Dropbox\box2d\Build\vs2010\obj\x32\Debug\StepStone\link.1160-cvtres.write.1.tlog
C:\Users\David\Dropbox\box2d\Build\vs2010\obj\x32\Debug\StepStone\link.1160-rc.read.1.tlog
C:\Users\David\Dropbox\box2d\Build\vs2010\obj\x32\Debug\StepStone\link.1160-rc.write.1.tlog
C:\Users\David\Dropbox\box2d\Build\vs2010\obj\x32\Debug\StepStone\link.1160.read.1.tlog
C:\Users\David\Dropbox\box2d\Build\vs2010\obj\x32\Debug\StepStone\link.1160.write.1.tlog
C:\Users\David\Dropbox\box2d\Build\vs2010\obj\x32\Debug\StepStone\link.1200-cvtres.read.1.tlog
C:\Users\David\Dropbox\box2d\Build\vs2010\obj\x32\Debug\StepStone\link.1200-cvtres.write.1.tlog
C:\Users\David\Dropbox\box2d\Build\vs2010\obj\x32\Debug\StepStone\link.1200-rc.read.1.tlog
C:\Users\David\Dropbox\box2d\Build\vs2010\obj\x32\Debug\StepStone\link.1200-rc.write.1.tlog
C:\Users\David\Dropbox\box2d\Build\vs2010\obj\x32\Debug\StepStone\link.1200.read.1.tlog
C:\Users\David\Dropbox\box2d\Build\vs2010\obj\x32\Debug\StepStone\link.1200.write.1.tlog
C:\Users\David\Dropbox\box2d\Build\vs2010\obj\x32\Debug\StepStone\link.13064-cvtres.read.1.tlog
C:\Users\David\Dropbox\box2d\Build\vs2010\obj\x32\Debug\StepStone\link.13064-cvtres.write.1.tlog
C:\Users\David\Dropbox\box2d\Build\vs2010\obj\x32\Debug\StepStone\link.13064-rc.read.1.tlog
C:\Users\David\Dropbox\box2d\Build\vs2010\obj\x32\Debug\StepStone\link.13064-rc.write.1.tlog
C:\Users\David\Dropbox\box2d\Build\vs2010\obj\x32\Debug\StepStone\link.13064.read.1.tlog
C:\Users\David\Dropbox\box2d\Build\vs2010\obj\x32\Debug\StepStone\link.13064.write.1.tlog
C:\Users\David\Dropbox\box2d\Build\vs2010\obj\x32\Debug\StepStone\link.1496-cvtres.read.1.tlog
C:\Users\David\Dropbox\box2d\Build\vs2010\obj\x32\Debug\StepStone\link.1496-cvtres.write.1.tlog
C:\Users\David\Dropbox\box2d\Build\vs2010\obj\x32\Debug\StepStone\link.1496-rc.read.1.tlog
C:\Users\David\Dropbox\box2d\Build\vs2010\obj\x32\Debug\StepStone\link.1496-rc.write.1.tlog
C:\Users\David\Dropbox\box2d\Build\vs2010\obj\x32\Debug\StepStone\link.1496.read.1.tlog
C:\Users\David\Dropbox\box2d\Build\vs2010\obj\x32\Debug\StepStone\link.1496.write.1.tlog
C:\Users\David\Dropbox\box2d\Build\vs2010\obj\x32\Debug\StepStone\link.16188-cvtres.read.1.tlog
C:\Users\David\Dropbox\box2d\Build\vs2010\obj\x32\Debug\StepStone\link.16188-cvtres.write.1.tlog
C:\Users\David\Dropbox\box2d\Build\vs2010\obj\x32\Debug\StepStone\link.16188-rc.read.1.tlog
C:\Users\David\Dropbox\box2d\Build\vs2010\obj\x32\Debug\StepStone\link.16188-rc.write.1.tlog
C:\Users\David\Dropbox\box2d\Build\vs2010\obj\x32\Debug\StepStone\link.16188.read.1.tlog
C:\Users\David\Dropbox\box2d\Build\vs2010\obj\x32\Debug\StepStone\link.16188.write.1.tlog
C:\Users\David\Dropbox\box2d\Build\vs2010\obj\x32\Debug\StepStone\link.1632-cvtres.read.1.tlog
C:\Users\David\Dropbox\box2d\Build\vs2010\obj\x32\Debug\StepStone\link.1632-cvtres.write.1.tlog
C:\Users\David\Dropbox\box2d\Build\vs2010\obj\x32\Debug\StepStone\link.1632-rc.read.1.tlog
C:\Users\David\Dropbox\box2d\Build\vs2010\obj\x32\Debug\StepStone\link.1632-rc.write.1.tlog
C:\Users\David\Dropbox\box2d\Build\vs2010\obj\x32\Debug\StepStone\link.1632.read.1.tlog
C:\Users\David\Dropbox\box2d\Build\vs2010\obj\x32\Debug\StepStone\link.1632.write.1.tlog
C:\Users\David\Dropbox\box2d\Build\vs2010\obj\x32\Debug\StepStone\link.1744-cvtres.read.1.tlog
C:\Users\David\Dropbox\box2d\Build\vs2010\obj\x32\Debug\StepStone\link.1744-cvtres.write.1.tlog
C:\Users\David\Dropbox\box2d\Build\vs2010\obj\x32\Debug\StepStone\link.1744-rc.read.1.tlog
C:\Users\David\Dropbox\box2d\Build\vs2010\obj\x32\Debug\StepStone\link.1744-rc.write.1.tlog
C:\Users\David\Dropbox\box2d\Build\vs2010\obj\x32\Debug\StepStone\link.1744.read.1.tlog
C:\Users\David\Dropbox\box2d\Build\vs2010\obj\x32\Debug\StepStone\link.1744.write.1.tlog
C:\Users\David\Dropbox\box2d\Build\vs2010\obj\x32\Debug\StepStone\link.1908-cvtres.read.1.tlog
C:\Users\David\Dropbox\box2d\Build\vs2010\obj\x32\Debug\StepStone\link.1908-cvtres.write.1.tlog
C:\Users\David\Dropbox\box2d\Build\vs2010\obj\x32\Debug\StepStone\link.1908-rc.read.1.tlog
C:\Users\David\Dropbox\box2d\Build\vs2010\obj\x32\Debug\StepStone\link.1908-rc.write.1.tlog
C:\Users\David\Dropbox\box2d\Build\vs2010\obj\x32\Debug\StepStone\link.1908.read.1.tlog
C:\Users\David\Dropbox\box2d\Build\vs2010\obj\x32\Debug\StepStone\link.1908.write.1.tlog
C:\Users\David\Dropbox\box2d\Build\vs2010\obj\x32\Debug\StepStone\link.19300-cvtres.read.1.tlog
C:\Users\David\Dropbox\box2d\Build\vs2010\obj\x32\Debug\StepStone\link.19300-cvtres.write.1.tlog
C:\Users\David\Dropbox\box2d\Build\vs2010\obj\x32\Debug\StepStone\link.19300-rc.read.1.tlog
C:\Users\David\Dropbox\box2d\Build\vs2010\obj\x32\Debug\StepStone\link.19300-rc.write.1.tlog
C:\Users\David\Dropbox\box2d\Build\vs2010\obj\x32\Debug\StepStone\link.19300.read.1.tlog
C:\Users\David\Dropbox\box2d\Build\vs2010\obj\x32\Debug\StepStone\link.19300.write.1.tlog
C:\Users\David\Dropbox\box2d\Build\vs2010\obj\x32\Debug\StepStone\link.1992-cvtres.read.1.tlog
C:\Users\David\Dropbox\box2d\Build\vs2010\obj\x32\Debug\StepStone\link.1992-cvtres.write.1.tlog
C:\Users\David\Dropbox\box2d\Build\vs2010\obj\x32\Debug\StepStone\link.1992-rc.read.1.tlog
C:\Users\David\Dropbox\box2d\Build\vs2010\obj\x32\Debug\StepStone\link.1992-rc.write.1.tlog
C:\Users\David\Dropbox\box2d\Build\vs2010\obj\x32\Debug\StepStone\link.1992.read.1.tlog
C:\Users\David\Dropbox\box2d\Build\vs2010\obj\x32\Debug\StepStone\link.1992.write.1.tlog
C:\Users\David\Dropbox\box2d\Build\vs2010\obj\x32\Debug\StepStone\link.208-cvtres.read.1.tlog
C:\Users\David\Dropbox\box2d\Build\vs2010\obj\x32\Debug\StepStone\link.208-cvtres.write.1.tlog
C:\Users\David\Dropbox\box2d\Build\vs2010\obj\x32\Debug\StepStone\link.208-rc.read.1.tlog
C:\Users\David\Dropbox\box2d\Build\vs2010\obj\x32\Debug\StepStone\link.208-rc.write.1.tlog
C:\Users\David\Dropbox\box2d\Build\vs2010\obj\x32\Debug\StepStone\link.208.read.1.tlog
C:\Users\David\Dropbox\box2d\Build\vs2010\obj\x32\Debug\StepStone\link.208.write.1.tlog
C:\Users\David\Dropbox\box2d\Build\vs2010\obj\x32\Debug\StepStone\link.2096-cvtres.read.1.tlog
C:\Users\David\Dropbox\box2d\Build\vs2010\obj\x32\Debug\StepStone\link.2096-cvtres.write.1.tlog
C:\Users\David\Dropbox\box2d\Build\vs2010\obj\x32\Debug\StepStone\link.2096-rc.read.1.tlog
C:\Users\David\Dropbox\box2d\Build\vs2010\obj\x32\Debug\StepStone\link.2096-rc.write.1.tlog
C:\Users\David\Dropbox\box2d\Build\vs2010\obj\x32\Debug\StepStone\link.2096.read.1.tlog
C:\Users\David\Dropbox\box2d\Build\vs2010\obj\x32\Debug\StepStone\link.2096.write.1.tlog
C:\Users\David\Dropbox\box2d\Build\vs2010\obj\x32\Debug\StepStone\link.2236-cvtres.read.1.tlog
C:\Users\David\Dropbox\box2d\Build\vs2010\obj\x32\Debug\StepStone\link.2236-cvtres.write.1.tlog
C:\Users\David\Dropbox\box2d\Build\vs2010\obj\x32\Debug\StepStone\link.2236-rc.read.1.tlog
C:\Users\David\Dropbox\box2d\Build\vs2010\obj\x32\Debug\StepStone\link.2236-rc.write.1.tlog
C:\Users\David\Dropbox\box2d\Build\vs2010\obj\x32\Debug\StepStone\link.2236.read.1.tlog
C:\Users\David\Dropbox\box2d\Build\vs2010\obj\x32\Debug\StepStone\link.2236.write.1.tlog
C:\Users\David\Dropbox\box2d\Build\vs2010\obj\x32\Debug\StepStone\link.2492-cvtres.read.1.tlog
C:\Users\David\Dropbox\box2d\Build\vs2010\obj\x32\Debug\StepStone\link.2492-cvtres.write.1.tlog
C:\Users\David\Dropbox\box2d\Build\vs2010\obj\x32\Debug\StepStone\link.2492-rc.read.1.tlog
C:\Users\David\Dropbox\box2d\Build\vs2010\obj\x32\Debug\StepStone\link.2492-rc.write.1.tlog
C:\Users\David\Dropbox\box2d\Build\vs2010\obj\x32\Debug\StepStone\link.2492.read.1.tlog
C:\Users\David\Dropbox\box2d\Build\vs2010\obj\x32\Debug\StepStone\link.2492.write.1.tlog
C:\Users\David\Dropbox\box2d\Build\vs2010\obj\x32\Debug\StepStone\link.2880-cvtres.read.1.tlog
C:\Users\David\Dropbox\box2d\Build\vs2010\obj\x32\Debug\StepStone\link.2880-cvtres.write.1.tlog
C:\Users\David\Dropbox\box2d\Build\vs2010\obj\x32\Debug\StepStone\link.2880-rc.read.1.tlog
C:\Users\David\Dropbox\box2d\Build\vs2010\obj\x32\Debug\StepStone\link.2880-rc.write.1.tlog
C:\Users\David\Dropbox\box2d\Build\vs2010\obj\x32\Debug\StepStone\link.2880.read.1.tlog
C:\Users\David\Dropbox\box2d\Build\vs2010\obj\x32\Debug\StepStone\link.2880.write.1.tlog
C:\Users\David\Dropbox\box2d\Build\vs2010\obj\x32\Debug\StepStone\link.2956-cvtres.read.1.tlog
C:\Users\David\Dropbox\box2d\Build\vs2010\obj\x32\Debug\StepStone\link.2956-cvtres.write.1.tlog
C:\Users\David\Dropbox\box2d\Build\vs2010\obj\x32\Debug\StepStone\link.2956-rc.read.1.tlog
C:\Users\David\Dropbox\box2d\Build\vs2010\obj\x32\Debug\StepStone\link.2956-rc.write.1.tlog
C:\Users\David\Dropbox\box2d\Build\vs2010\obj\x32\Debug\StepStone\link.2956.read.1.tlog
C:\Users\David\Dropbox\box2d\Build\vs2010\obj\x32\Debug\StepStone\link.2956.write.1.tlog
C:\Users\David\Dropbox\box2d\Build\vs2010\obj\x32\Debug\StepStone\link.3688-cvtres.read.1.tlog
C:\Users\David\Dropbox\box2d\Build\vs2010\obj\x32\Debug\StepStone\link.3688-cvtres.write.1.tlog
C:\Users\David\Dropbox\box2d\Build\vs2010\obj\x32\Debug\StepStone\link.3688-rc.read.1.tlog
C:\Users\David\Dropbox\box2d\Build\vs2010\obj\x32\Debug\StepStone\link.3688-rc.write.1.tlog
C:\Users\David\Dropbox\box2d\Build\vs2010\obj\x32\Debug\StepStone\link.3688.read.1.tlog
C:\Users\David\Dropbox\box2d\Build\vs2010\obj\x32\Debug\StepStone\link.3688.write.1.tlog
C:\Users\David\Dropbox\box2d\Build\vs2010\obj\x32\Debug\StepStone\link.3752-cvtres.read.1.tlog
C:\Users\David\Dropbox\box2d\Build\vs2010\obj\x32\Debug\StepStone\link.3752-cvtres.write.1.tlog
C:\Users\David\Dropbox\box2d\Build\vs2010\obj\x32\Debug\StepStone\link.3752-rc.read.1.tlog
C:\Users\David\Dropbox\box2d\Build\vs2010\obj\x32\Debug\StepStone\link.3752-rc.write.1.tlog
C:\Users\David\Dropbox\box2d\Build\vs2010\obj\x32\Debug\StepStone\link.3752.read.1.tlog
C:\Users\David\Dropbox\box2d\Build\vs2010\obj\x32\Debug\StepStone\link.3752.write.1.tlog
C:\Users\David\Dropbox\box2d\Build\vs2010\obj\x32\Debug\StepStone\link.376-cvtres.read.1.tlog
C:\Users\David\Dropbox\box2d\Build\vs2010\obj\x32\Debug\StepStone\link.376-cvtres.write.1.tlog
C:\Users\David\Dropbox\box2d\Build\vs2010\obj\x32\Debug\StepStone\link.376-rc.read.1.tlog
C:\Users\David\Dropbox\box2d\Build\vs2010\obj\x32\Debug\StepStone\link.376-rc.write.1.tlog
C:\Users\David\Dropbox\box2d\Build\vs2010\obj\x32\Debug\StepStone\link.376.read.1.tlog
C:\Users\David\Dropbox\box2d\Build\vs2010\obj\x32\Debug\StepStone\link.376.write.1.tlog
C:\Users\David\Dropbox\box2d\Build\vs2010\obj\x32\Debug\StepStone\link.3924-cvtres.read.1.tlog
C:\Users\David\Dropbox\box2d\Build\vs2010\obj\x32\Debug\StepStone\link.3924-cvtres.write.1.tlog
C:\Users\David\Dropbox\box2d\Build\vs2010\obj\x32\Debug\StepStone\link.3924-rc.read.1.tlog
C:\Users\David\Dropbox\box2d\Build\vs2010\obj\x32\Debug\StepStone\link.3924-rc.write.1.tlog
C:\Users\David\Dropbox\box2d\Build\vs2010\obj\x32\Debug\StepStone\link.3924.read.1.tlog
C:\Users\David\Dropbox\box2d\Build\vs2010\obj\x32\Debug\StepStone\link.3924.write.1.tlog
C:\Users\David\Dropbox\box2d\Build\vs2010\obj\x32\Debug\StepStone\link.3996-cvtres.read.1.tlog
C:\Users\David\Dropbox\box2d\Build\vs2010\obj\x32\Debug\StepStone\link.3996-cvtres.write.1.tlog
C:\Users\David\Dropbox\box2d\Build\vs2010\obj\x32\Debug\StepStone\link.3996-rc.read.1.tlog
C:\Users\David\Dropbox\box2d\Build\vs2010\obj\x32\Debug\StepStone\link.3996-rc.write.1.tlog
C:\Users\David\Dropbox\box2d\Build\vs2010\obj\x32\Debug\StepStone\link.3996.read.1.tlog
C:\Users\David\Dropbox\box2d\Build\vs2010\obj\x32\Debug\StepStone\link.3996.write.1.tlog
C:\Users\David\Dropbox\box2d\Build\vs2010\obj\x32\Debug\StepStone\link.4228-cvtres.read.1.tlog
C:\Users\David\Dropbox\box2d\Build\vs2010\obj\x32\Debug\StepStone\link.4228-cvtres.write.1.tlog
C:\Users\David\Dropbox\box2d\Build\vs2010\obj\x32\Debug\StepStone\link.4228-rc.read.1.tlog
C:\Users\David\Dropbox\box2d\Build\vs2010\obj\x32\Debug\StepStone\link.4228-rc.write.1.tlog
C:\Users\David\Dropbox\box2d\Build\vs2010\obj\x32\Debug\StepStone\link.4228.read.1.tlog
C:\Users\David\Dropbox\box2d\Build\vs2010\obj\x32\Debug\StepStone\link.4228.write.1.tlog
C:\Users\David\Dropbox\box2d\Build\vs2010\obj\x32\Debug\StepStone\link.44-cvtres.read.1.tlog
C:\Users\David\Dropbox\box2d\Build\vs2010\obj\x32\Debug\StepStone\link.44-cvtres.write.1.tlog
C:\Users\David\Dropbox\box2d\Build\vs2010\obj\x32\Debug\StepStone\link.44-rc.read.1.tlog
C:\Users\David\Dropbox\box2d\Build\vs2010\obj\x32\Debug\StepStone\link.44-rc.write.1.tlog
C:\Users\David\Dropbox\box2d\Build\vs2010\obj\x32\Debug\StepStone\link.44.read.1.tlog
C:\Users\David\Dropbox\box2d\Build\vs2010\obj\x32\Debug\StepStone\link.44.write.1.tlog
C:\Users\David\Dropbox\box2d\Build\vs2010\obj\x32\Debug\StepStone\link.4868-cvtres.read.1.tlog
C:\Users\David\Dropbox\box2d\Build\vs2010\obj\x32\Debug\StepStone\link.4868-cvtres.write.1.tlog
C:\Users\David\Dropbox\box2d\Build\vs2010\obj\x32\Debug\StepStone\link.4868-rc.read.1.tlog
C:\Users\David\Dropbox\box2d\Build\vs2010\obj\x32\Debug\StepStone\link.4868-rc.write.1.tlog
C:\Users\David\Dropbox\box2d\Build\vs2010\obj\x32\Debug\StepStone\link.4868.read.1.tlog
C:\Users\David\Dropbox\box2d\Build\vs2010\obj\x32\Debug\StepStone\link.4868.write.1.tlog
C:\Users\David\Dropbox\box2d\Build\vs2010\obj\x32\Debug\StepStone\link.5156-cvtres.read.1.tlog
C:\Users\David\Dropbox\box2d\Build\vs2010\obj\x32\Debug\StepStone\link.5156-cvtres.write.1.tlog
C:\Users\David\Dropbox\box2d\Build\vs2010\obj\x32\Debug\StepStone\link.5156-rc.read.1.tlog
C:\Users\David\Dropbox\box2d\Build\vs2010\obj\x32\Debug\StepStone\link.5156-rc.write.1.tlog
C:\Users\David\Dropbox\box2d\Build\vs2010\obj\x32\Debug\StepStone\link.5156.read.1.tlog
C:\Users\David\Dropbox\box2d\Build\vs2010\obj\x32\Debug\StepStone\link.5156.write.1.tlog
C:\Users\David\Dropbox\box2d\Build\vs2010\obj\x32\Debug\StepStone\link.5184-cvtres.read.1.tlog
C:\Users\David\Dropbox\box2d\Build\vs2010\obj\x32\Debug\StepStone\link.5184-cvtres.write.1.tlog
C:\Users\David\Dropbox\box2d\Build\vs2010\obj\x32\Debug\StepStone\link.5184-rc.read.1.tlog
C:\Users\David\Dropbox\box2d\Build\vs2010\obj\x32\Debug\StepStone\link.5184-rc.write.1.tlog
C:\Users\David\Dropbox\box2d\Build\vs2010\obj\x32\Debug\StepStone\link.5184.read.1.tlog
C:\Users\David\Dropbox\box2d\Build\vs2010\obj\x32\Debug\StepStone\link.5184.write.1.tlog
C:\Users\David\Dropbox\box2d\Build\vs2010\obj\x32\Debug\StepStone\link.5224-cvtres.read.1.tlog
C:\Users\David\Dropbox\box2d\Build\vs2010\obj\x32\Debug\StepStone\link.5224-cvtres.write.1.tlog
C:\Users\David\Dropbox\box2d\Build\vs2010\obj\x32\Debug\StepStone\link.5224-rc.read.1.tlog
C:\Users\David\Dropbox\box2d\Build\vs2010\obj\x32\Debug\StepStone\link.5224-rc.write.1.tlog
C:\Users\David\Dropbox\box2d\Build\vs2010\obj\x32\Debug\StepStone\link.5224.read.1.tlog
C:\Users\David\Dropbox\box2d\Build\vs2010\obj\x32\Debug\StepStone\link.5224.write.1.tlog
C:\Users\David\Dropbox\box2d\Build\vs2010\obj\x32\Debug\StepStone\link.5676-cvtres.read.1.tlog
C:\Users\David\Dropbox\box2d\Build\vs2010\obj\x32\Debug\StepStone\link.5676-cvtres.write.1.tlog
C:\Users\David\Dropbox\box2d\Build\vs2010\obj\x32\Debug\StepStone\link.5676-rc.read.1.tlog
C:\Users\David\Dropbox\box2d\Build\vs2010\obj\x32\Debug\StepStone\link.5676-rc.write.1.tlog
C:\Users\David\Dropbox\box2d\Build\vs2010\obj\x32\Debug\StepStone\link.5676.read.1.tlog
C:\Users\David\Dropbox\box2d\Build\vs2010\obj\x32\Debug\StepStone\link.5676.write.1.tlog
C:\Users\David\Dropbox\box2d\Build\vs2010\obj\x32\Debug\StepStone\link.5728-cvtres.read.1.tlog
C:\Users\David\Dropbox\box2d\Build\vs2010\obj\x32\Debug\StepStone\link.5728-cvtres.write.1.tlog
C:\Users\David\Dropbox\box2d\Build\vs2010\obj\x32\Debug\StepStone\link.5728-rc.read.1.tlog
C:\Users\David\Dropbox\box2d\Build\vs2010\obj\x32\Debug\StepStone\link.5728-rc.write.1.tlog
C:\Users\David\Dropbox\box2d\Build\vs2010\obj\x32\Debug\StepStone\link.5728.read.1.tlog
C:\Users\David\Dropbox\box2d\Build\vs2010\obj\x32\Debug\StepStone\link.5728.write.1.tlog
C:\Users\David\Dropbox\box2d\Build\vs2010\obj\x32\Debug\StepStone\link.5804-cvtres.read.1.tlog
C:\Users\David\Dropbox\box2d\Build\vs2010\obj\x32\Debug\StepStone\link.5804-cvtres.write.1.tlog
C:\Users\David\Dropbox\box2d\Build\vs2010\obj\x32\Debug\StepStone\link.5804-rc.read.1.tlog
C:\Users\David\Dropbox\box2d\Build\vs2010\obj\x32\Debug\StepStone\link.5804-rc.write.1.tlog
C:\Users\David\Dropbox\box2d\Build\vs2010\obj\x32\Debug\StepStone\link.5804.read.1.tlog
C:\Users\David\Dropbox\box2d\Build\vs2010\obj\x32\Debug\StepStone\link.5804.write.1.tlog
C:\Users\David\Dropbox\box2d\Build\vs2010\obj\x32\Debug\StepStone\link.5884-cvtres.read.1.tlog
C:\Users\David\Dropbox\box2d\Build\vs2010\obj\x32\Debug\StepStone\link.5884-cvtres.write.1.tlog
C:\Users\David\Dropbox\box2d\Build\vs2010\obj\x32\Debug\StepStone\link.5884-rc.read.1.tlog
C:\Users\David\Dropbox\box2d\Build\vs2010\obj\x32\Debug\StepStone\link.5884-rc.write.1.tlog
C:\Users\David\Dropbox\box2d\Build\vs2010\obj\x32\Debug\StepStone\link.5884.read.1.tlog
C:\Users\David\Dropbox\box2d\Build\vs2010\obj\x32\Debug\StepStone\link.5884.write.1.tlog
C:\Users\David\Dropbox\box2d\Build\vs2010\obj\x32\Debug\StepStone\link.6128-cvtres.read.1.tlog
C:\Users\David\Dropbox\box2d\Build\vs2010\obj\x32\Debug\StepStone\link.6128-cvtres.write.1.tlog
C:\Users\David\Dropbox\box2d\Build\vs2010\obj\x32\Debug\StepStone\link.6128-rc.read.1.tlog
C:\Users\David\Dropbox\box2d\Build\vs2010\obj\x32\Debug\StepStone\link.6128-rc.write.1.tlog
C:\Users\David\Dropbox\box2d\Build\vs2010\obj\x32\Debug\StepStone\link.6128.read.1.tlog
C:\Users\David\Dropbox\box2d\Build\vs2010\obj\x32\Debug\StepStone\link.6128.write.1.tlog
C:\Users\David\Dropbox\box2d\Build\vs2010\obj\x32\Debug\StepStone\link.736-cvtres.read.1.tlog
C:\Users\David\Dropbox\box2d\Build\vs2010\obj\x32\Debug\StepStone\link.736-cvtres.write.1.tlog
C:\Users\David\Dropbox\box2d\Build\vs2010\obj\x32\Debug\StepStone\link.736-rc.read.1.tlog
C:\Users\David\Dropbox\box2d\Build\vs2010\obj\x32\Debug\StepStone\link.736-rc.write.1.tlog
C:\Users\David\Dropbox\box2d\Build\vs2010\obj\x32\Debug\StepStone\link.736.read.1.tlog
C:\Users\David\Dropbox\box2d\Build\vs2010\obj\x32\Debug\StepStone\link.736.write.1.tlog
C:\Users\David\Dropbox\box2d\Build\vs2010\obj\x32\Debug\StepStone\link.992-cvtres.read.1.tlog
C:\Users\David\Dropbox\box2d\Build\vs2010\obj\x32\Debug\StepStone\link.992-cvtres.write.1.tlog
C:\Users\David\Dropbox\box2d\Build\vs2010\obj\x32\Debug\StepStone\link.992-rc.read.1.tlog
C:\Users\David\Dropbox\box2d\Build\vs2010\obj\x32\Debug\StepStone\link.992-rc.write.1.tlog
C:\Users\David\Dropbox\box2d\Build\vs2010\obj\x32\Debug\StepStone\link.992.read.1.tlog
C:\Users\David\Dropbox\box2d\Build\vs2010\obj\x32\Debug\StepStone\link.992.write.1.tlog
C:\Users\David\Dropbox\box2d\Build\vs2010\obj\x32\Debug\StepStone\link.command.1.tlog
C:\Users\David\Dropbox\box2d\Build\vs2010\obj\x32\Debug\StepStone\link.read.1.tlog
C:\Users\David\Dropbox\box2d\Build\vs2010\obj\x32\Debug\StepStone\link.write.1.tlog
C:\Users\David\Dropbox\box2d\Build\vs2010\bin\Debug\StepStone.exe
