C:\USERS\DAVID\DROPBOX\BOX2D\BUILD\VS2010\OBJ\X32\DEBUG\GLUI\GLUI_FILEBROWSER.OBJ
C:\USERS\DAVID\DROPBOX\BOX2D\BUILD\VS2010\OBJ\X32\DEBUG\GLUI\GLUI_LIST.OBJ
C:\USERS\DAVID\DROPBOX\BOX2D\BUILD\VS2010\OBJ\X32\DEBUG\GLUI\GLUI_LISTBOX.OBJ
C:\USERS\DAVID\DROPBOX\BOX2D\BUILD\VS2010\OBJ\X32\DEBUG\GLUI\GLUI_MOUSE_IACTION.OBJ
C:\USERS\DAVID\DROPBOX\BOX2D\BUILD\VS2010\OBJ\X32\DEBUG\GLUI\GLUI_NODE.OBJ
C:\USERS\DAVID\DROPBOX\BOX2D\BUILD\VS2010\OBJ\X32\DEBUG\GLUI\GLUI_PANEL.OBJ
C:\USERS\DAVID\DROPBOX\BOX2D\BUILD\VS2010\OBJ\X32\DEBUG\GLUI\GLUI_RADIO.OBJ
C:\USERS\DAVID\DROPBOX\BOX2D\BUILD\VS2010\OBJ\X32\DEBUG\GLUI\GLUI_ROLLOUT.OBJ
C:\USERS\DAVID\DROPBOX\BOX2D\BUILD\VS2010\OBJ\X32\DEBUG\GLUI\GLUI_ROTATION.OBJ
C:\USERS\DAVID\DROPBOX\BOX2D\BUILD\VS2010\OBJ\X32\DEBUG\GLUI\GLUI_SCROLLBAR.OBJ
C:\USERS\DAVID\DROPBOX\BOX2D\BUILD\VS2010\OBJ\X32\DEBUG\GLUI\GLUI_SEPARATOR.OBJ
C:\USERS\DAVID\DROPBOX\BOX2D\BUILD\VS2010\OBJ\X32\DEBUG\GLUI\GLUI_SPINNER.OBJ
C:\USERS\DAVID\DROPBOX\BOX2D\BUILD\VS2010\OBJ\X32\DEBUG\GLUI\GLUI_STATICTEXT.OBJ
C:\USERS\DAVID\DROPBOX\BOX2D\BUILD\VS2010\OBJ\X32\DEBUG\GLUI\GLUI_STRING.OBJ
C:\USERS\DAVID\DROPBOX\BOX2D\BUILD\VS2010\OBJ\X32\DEBUG\GLUI\GLUI_TEXTBOX.OBJ
C:\USERS\DAVID\DROPBOX\BOX2D\BUILD\VS2010\OBJ\X32\DEBUG\GLUI\GLUI_TRANSLATION.OBJ
C:\USERS\DAVID\DROPBOX\BOX2D\BUILD\VS2010\OBJ\X32\DEBUG\GLUI\GLUI_TREE.OBJ
C:\USERS\DAVID\DROPBOX\BOX2D\BUILD\VS2010\OBJ\X32\DEBUG\GLUI\GLUI_TREEPANEL.OBJ
C:\USERS\DAVID\DROPBOX\BOX2D\BUILD\VS2010\OBJ\X32\DEBUG\GLUI\GLUI_WINDOW.OBJ
C:\USERS\DAVID\DROPBOX\BOX2D\BUILD\VS2010\OBJ\X32\DEBUG\GLUI\QUATERNION.OBJ
C:\USERS\DAVID\DROPBOX\BOX2D\BUILD\VS2010\OBJ\X32\DEBUG\GLUI\ALGEBRA3.OBJ
C:\USERS\DAVID\DROPBOX\BOX2D\BUILD\VS2010\OBJ\X32\DEBUG\GLUI\ARCBALL.OBJ
C:\USERS\DAVID\DROPBOX\BOX2D\BUILD\VS2010\OBJ\X32\DEBUG\GLUI\GLUI.OBJ
C:\USERS\DAVID\DROPBOX\BOX2D\BUILD\VS2010\OBJ\X32\DEBUG\GLUI\GLUI_ADD_CONTROLS.OBJ
C:\USERS\DAVID\DROPBOX\BOX2D\BUILD\VS2010\OBJ\X32\DEBUG\GLUI\GLUI_BITMAPS.OBJ
C:\USERS\DAVID\DROPBOX\BOX2D\BUILD\VS2010\OBJ\X32\DEBUG\GLUI\GLUI_BITMAP_IMG_DATA.OBJ
C:\USERS\DAVID\DROPBOX\BOX2D\BUILD\VS2010\OBJ\X32\DEBUG\GLUI\GLUI_BUTTON.OBJ
C:\USERS\DAVID\DROPBOX\BOX2D\BUILD\VS2010\OBJ\X32\DEBUG\GLUI\GLUI_CHECKBOX.OBJ
C:\USERS\DAVID\DROPBOX\BOX2D\BUILD\VS2010\OBJ\X32\DEBUG\GLUI\GLUI_COLUMN.OBJ
C:\USERS\DAVID\DROPBOX\BOX2D\BUILD\VS2010\OBJ\X32\DEBUG\GLUI\GLUI_COMMANDLINE.OBJ
C:\USERS\DAVID\DROPBOX\BOX2D\BUILD\VS2010\OBJ\X32\DEBUG\GLUI\GLUI_CONTROL.OBJ
C:\USERS\DAVID\DROPBOX\BOX2D\BUILD\VS2010\OBJ\X32\DEBUG\GLUI\GLUI_EDITTEXT.OBJ
C:\USERS\DAVID\DROPBOX\BOX2D\BUILD\VS2010\BIN\DEBUG\GLUI.PDB
C:\USERS\DAVID\DROPBOX\BOX2D\BUILD\VS2010\BIN\DEBUG\GLUI.LIB
C:\Users\David\Dropbox\box2d\Build\vs2010\obj\x32\Debug\GLUI\algebra3.obj
C:\Users\David\Dropbox\box2d\Build\vs2010\obj\x32\Debug\GLUI\arcball.obj
C:\Users\David\Dropbox\box2d\Build\vs2010\obj\x32\Debug\GLUI\glui.obj
C:\Users\David\Dropbox\box2d\Build\vs2010\obj\x32\Debug\GLUI\glui_add_controls.obj
C:\Users\David\Dropbox\box2d\Build\vs2010\obj\x32\Debug\GLUI\glui_bitmaps.obj
C:\Users\David\Dropbox\box2d\Build\vs2010\obj\x32\Debug\GLUI\glui_bitmap_img_data.obj
C:\Users\David\Dropbox\box2d\Build\vs2010\obj\x32\Debug\GLUI\glui_button.obj
C:\Users\David\Dropbox\box2d\Build\vs2010\obj\x32\Debug\GLUI\glui_checkbox.obj
C:\Users\David\Dropbox\box2d\Build\vs2010\obj\x32\Debug\GLUI\glui_column.obj
C:\Users\David\Dropbox\box2d\Build\vs2010\obj\x32\Debug\GLUI\glui_commandline.obj
C:\Users\David\Dropbox\box2d\Build\vs2010\obj\x32\Debug\GLUI\glui_control.obj
C:\Users\David\Dropbox\box2d\Build\vs2010\obj\x32\Debug\GLUI\glui_edittext.obj
C:\Users\David\Dropbox\box2d\Build\vs2010\obj\x32\Debug\GLUI\glui_filebrowser.obj
C:\Users\David\Dropbox\box2d\Build\vs2010\obj\x32\Debug\GLUI\glui_list.obj
C:\Users\David\Dropbox\box2d\Build\vs2010\obj\x32\Debug\GLUI\glui_listbox.obj
C:\Users\David\Dropbox\box2d\Build\vs2010\obj\x32\Debug\GLUI\glui_mouse_iaction.obj
C:\Users\David\Dropbox\box2d\Build\vs2010\obj\x32\Debug\GLUI\glui_node.obj
C:\Users\David\Dropbox\box2d\Build\vs2010\obj\x32\Debug\GLUI\glui_panel.obj
C:\Users\David\Dropbox\box2d\Build\vs2010\obj\x32\Debug\GLUI\glui_radio.obj
C:\Users\David\Dropbox\box2d\Build\vs2010\obj\x32\Debug\GLUI\glui_rollout.obj
C:\Users\David\Dropbox\box2d\Build\vs2010\obj\x32\Debug\GLUI\glui_rotation.obj
C:\Users\David\Dropbox\box2d\Build\vs2010\obj\x32\Debug\GLUI\glui_scrollbar.obj
C:\Users\David\Dropbox\box2d\Build\vs2010\obj\x32\Debug\GLUI\glui_separator.obj
C:\Users\David\Dropbox\box2d\Build\vs2010\obj\x32\Debug\GLUI\glui_spinner.obj
C:\Users\David\Dropbox\box2d\Build\vs2010\obj\x32\Debug\GLUI\glui_statictext.obj
C:\Users\David\Dropbox\box2d\Build\vs2010\obj\x32\Debug\GLUI\glui_string.obj
C:\Users\David\Dropbox\box2d\Build\vs2010\obj\x32\Debug\GLUI\glui_textbox.obj
C:\Users\David\Dropbox\box2d\Build\vs2010\obj\x32\Debug\GLUI\glui_translation.obj
C:\Users\David\Dropbox\box2d\Build\vs2010\obj\x32\Debug\GLUI\glui_tree.obj
C:\Users\David\Dropbox\box2d\Build\vs2010\obj\x32\Debug\GLUI\glui_treepanel.obj
C:\Users\David\Dropbox\box2d\Build\vs2010\obj\x32\Debug\GLUI\glui_window.obj
C:\Users\David\Dropbox\box2d\Build\vs2010\obj\x32\Debug\GLUI\quaternion.obj
C:\Users\David\Dropbox\box2d\Build\vs2010\obj\x32\Debug\GLUI\cl.command.1.tlog
C:\Users\David\Dropbox\box2d\Build\vs2010\obj\x32\Debug\GLUI\CL.read.1.tlog
C:\Users\David\Dropbox\box2d\Build\vs2010\obj\x32\Debug\GLUI\CL.write.1.tlog
C:\Users\David\Dropbox\box2d\Build\vs2010\obj\x32\Debug\GLUI\Lib-link.read.1.tlog
C:\Users\David\Dropbox\box2d\Build\vs2010\obj\x32\Debug\GLUI\Lib-link.write.1.tlog
C:\Users\David\Dropbox\box2d\Build\vs2010\obj\x32\Debug\GLUI\lib.command.1.tlog
C:\Users\David\Dropbox\box2d\Build\vs2010\bin\Debug\GLUI.lib
