<<<<<<< HEAD
﻿Build started 5/6/2013 9:26:09 AM.
     1>Project "C:\Users\David Park\Desktop\New folder (2)\Build\vs2010\FreeGLUT.vcxproj" on node 5 (build target(s)).
=======
﻿Build started 5/2/2013 1:02:07 PM.
     1>Project "C:\Users\David Park\Desktop\New folder (2)\Build\vs2010\FreeGLUT.vcxproj" on node 4 (build target(s)).
>>>>>>> master
     1>InitializeBuildStatus:
         Creating "obj\x32\Debug\FreeGLUT\FreeGLUT.unsuccessfulbuild" because "AlwaysCreate" was specified.
       ClCompile:
         All outputs are up-to-date.
<<<<<<< HEAD
         C:\Program Files (x86)\Microsoft Visual Studio 10.0\VC\bin\CL.exe /c /Zi /nologo /W0 /WX- /Ox /Ot /Oy /D _CRT_SECURE_NO_WARNINGS /D _MBCS /Gm /EHsc /MDd /GS /Gy /fp:fast /Zc:wchar_t /Zc:forScope /Fo"obj\x32\Debug\FreeGLUT\\" /Fd"bin\Debug\FreeGLUT.pdb" /Gd /TC /analyze- /errorReport:prompt ..\..\freeglut\freeglut_callbacks.c ..\..\freeglut\freeglut_cursor.c ..\..\freeglut\freeglut_display.c ..\..\freeglut\freeglut_ext.c ..\..\freeglut\freeglut_font.c ..\..\freeglut\freeglut_font_data.c ..\..\freeglut\freeglut_gamemode.c ..\..\freeglut\freeglut_geometry.c ..\..\freeglut\freeglut_glutfont_definitions.c ..\..\freeglut\freeglut_init.c ..\..\freeglut\freeglut_input_devices.c ..\..\freeglut\freeglut_joystick.c ..\..\freeglut\freeglut_main.c ..\..\freeglut\freeglut_menu.c ..\..\freeglut\freeglut_misc.c ..\..\freeglut\freeglut_overlay.c ..\..\freeglut\freeglut_spaceball.c ..\..\freeglut\freeglut_state.c ..\..\freeglut\freeglut_stroke_mono_roman.c ..\..\freeglut\freeglut_stroke_roman.c ..\..\freeglut\freeglut_structure.c ..\..\freeglut\freeglut_teapot.c ..\..\freeglut\freeglut_videoresize.c ..\..\freeglut\freeglut_window.c
         freeglut_window.c
         freeglut_videoresize.c
         freeglut_teapot.c
         freeglut_structure.c
         freeglut_stroke_roman.c
         freeglut_stroke_mono_roman.c
         freeglut_state.c
         freeglut_spaceball.c
         freeglut_overlay.c
         freeglut_misc.c
         freeglut_menu.c
         freeglut_main.c
         freeglut_joystick.c
         freeglut_input_devices.c
         freeglut_init.c
         freeglut_glutfont_definitions.c
         freeglut_geometry.c
         freeglut_gamemode.c
         freeglut_font_data.c
         freeglut_font.c
         Generating Code...
         Compiling...
         freeglut_ext.c
         freeglut_display.c
         freeglut_cursor.c
         freeglut_callbacks.c
         Generating Code...
       Lib:
         C:\Program Files (x86)\Microsoft Visual Studio 10.0\VC\bin\Lib.exe /OUT:"bin\Debug\FreeGLUT.lib" /NOLOGO /MACHINE:X86 obj\x32\Debug\FreeGLUT\freeglut_callbacks.obj
         obj\x32\Debug\FreeGLUT\freeglut_cursor.obj
         obj\x32\Debug\FreeGLUT\freeglut_display.obj
         obj\x32\Debug\FreeGLUT\freeglut_ext.obj
         obj\x32\Debug\FreeGLUT\freeglut_font.obj
         obj\x32\Debug\FreeGLUT\freeglut_font_data.obj
         obj\x32\Debug\FreeGLUT\freeglut_gamemode.obj
         obj\x32\Debug\FreeGLUT\freeglut_geometry.obj
         obj\x32\Debug\FreeGLUT\freeglut_glutfont_definitions.obj
         obj\x32\Debug\FreeGLUT\freeglut_init.obj
         obj\x32\Debug\FreeGLUT\freeglut_input_devices.obj
         obj\x32\Debug\FreeGLUT\freeglut_joystick.obj
         obj\x32\Debug\FreeGLUT\freeglut_main.obj
         obj\x32\Debug\FreeGLUT\freeglut_menu.obj
         obj\x32\Debug\FreeGLUT\freeglut_misc.obj
         obj\x32\Debug\FreeGLUT\freeglut_overlay.obj
         obj\x32\Debug\FreeGLUT\freeglut_spaceball.obj
         obj\x32\Debug\FreeGLUT\freeglut_state.obj
         obj\x32\Debug\FreeGLUT\freeglut_stroke_mono_roman.obj
         obj\x32\Debug\FreeGLUT\freeglut_stroke_roman.obj
         obj\x32\Debug\FreeGLUT\freeglut_structure.obj
         obj\x32\Debug\FreeGLUT\freeglut_teapot.obj
         obj\x32\Debug\FreeGLUT\freeglut_videoresize.obj
         obj\x32\Debug\FreeGLUT\freeglut_window.obj
=======
       Lib:
         All outputs are up-to-date.
>>>>>>> master
         FreeGLUT.vcxproj -> C:\Users\David Park\Desktop\New folder (2)\Build\vs2010\bin\Debug\FreeGLUT.lib
       FinalizeBuildStatus:
         Deleting file "obj\x32\Debug\FreeGLUT\FreeGLUT.unsuccessfulbuild".
         Touching "obj\x32\Debug\FreeGLUT\FreeGLUT.lastbuildstate".
     1>Done Building Project "C:\Users\David Park\Desktop\New folder (2)\Build\vs2010\FreeGLUT.vcxproj" (build target(s)).

Build succeeded.

<<<<<<< HEAD
Time Elapsed 00:00:05.14
=======
Time Elapsed 00:00:00.07
>>>>>>> master
