bin\Debug\Box2D.pdb
C:\USERS\DAVID PARK\DESKTOP\NEW FOLDER (2)\BUILD\VS2010\BIN\DEBUG\BOX2D.LIB
C:\USERS\DAVID PARK\DESKTOP\NEW FOLDER (2)\BUILD\VS2010\BIN\DEBUG\BOX2D.PDB
C:\USERS\DAVID PARK\DESKTOP\NEW FOLDER (2)\BUILD\VS2010\OBJ\X32\DEBUG\BOX2D\B2BLOCKALLOCATOR.OBJ
C:\USERS\DAVID PARK\DESKTOP\NEW FOLDER (2)\BUILD\VS2010\OBJ\X32\DEBUG\BOX2D\B2BODY.OBJ
C:\USERS\DAVID PARK\DESKTOP\NEW FOLDER (2)\BUILD\VS2010\OBJ\X32\DEBUG\BOX2D\B2BROADPHASE.OBJ
C:\USERS\DAVID PARK\DESKTOP\NEW FOLDER (2)\BUILD\VS2010\OBJ\X32\DEBUG\BOX2D\B2CHAINANDCIRCLECONTACT.OBJ
C:\USERS\DAVID PARK\DESKTOP\NEW FOLDER (2)\BUILD\VS2010\OBJ\X32\DEBUG\BOX2D\B2CHAINANDPOLYGONCONTACT.OBJ
C:\USERS\DAVID PARK\DESKTOP\NEW FOLDER (2)\BUILD\VS2010\OBJ\X32\DEBUG\BOX2D\B2CHAINSHAPE.OBJ
C:\USERS\DAVID PARK\DESKTOP\NEW FOLDER (2)\BUILD\VS2010\OBJ\X32\DEBUG\BOX2D\B2CIRCLECONTACT.OBJ
C:\USERS\DAVID PARK\DESKTOP\NEW FOLDER (2)\BUILD\VS2010\OBJ\X32\DEBUG\BOX2D\B2CIRCLESHAPE.OBJ
C:\USERS\DAVID PARK\DESKTOP\NEW FOLDER (2)\BUILD\VS2010\OBJ\X32\DEBUG\BOX2D\B2COLLIDECIRCLE.OBJ
C:\USERS\DAVID PARK\DESKTOP\NEW FOLDER (2)\BUILD\VS2010\OBJ\X32\DEBUG\BOX2D\B2COLLIDEEDGE.OBJ
C:\USERS\DAVID PARK\DESKTOP\NEW FOLDER (2)\BUILD\VS2010\OBJ\X32\DEBUG\BOX2D\B2COLLIDEPOLYGON.OBJ
C:\USERS\DAVID PARK\DESKTOP\NEW FOLDER (2)\BUILD\VS2010\OBJ\X32\DEBUG\BOX2D\B2COLLISION.OBJ
C:\USERS\DAVID PARK\DESKTOP\NEW FOLDER (2)\BUILD\VS2010\OBJ\X32\DEBUG\BOX2D\B2CONTACT.OBJ
C:\USERS\DAVID PARK\DESKTOP\NEW FOLDER (2)\BUILD\VS2010\OBJ\X32\DEBUG\BOX2D\B2CONTACTMANAGER.OBJ
C:\USERS\DAVID PARK\DESKTOP\NEW FOLDER (2)\BUILD\VS2010\OBJ\X32\DEBUG\BOX2D\B2CONTACTSOLVER.OBJ
C:\USERS\DAVID PARK\DESKTOP\NEW FOLDER (2)\BUILD\VS2010\OBJ\X32\DEBUG\BOX2D\B2DISTANCE.OBJ
C:\USERS\DAVID PARK\DESKTOP\NEW FOLDER (2)\BUILD\VS2010\OBJ\X32\DEBUG\BOX2D\B2DISTANCEJOINT.OBJ
C:\USERS\DAVID PARK\DESKTOP\NEW FOLDER (2)\BUILD\VS2010\OBJ\X32\DEBUG\BOX2D\B2DRAW.OBJ
C:\USERS\DAVID PARK\DESKTOP\NEW FOLDER (2)\BUILD\VS2010\OBJ\X32\DEBUG\BOX2D\B2DYNAMICTREE.OBJ
C:\USERS\DAVID PARK\DESKTOP\NEW FOLDER (2)\BUILD\VS2010\OBJ\X32\DEBUG\BOX2D\B2EDGEANDCIRCLECONTACT.OBJ
C:\USERS\DAVID PARK\DESKTOP\NEW FOLDER (2)\BUILD\VS2010\OBJ\X32\DEBUG\BOX2D\B2EDGEANDPOLYGONCONTACT.OBJ
C:\USERS\DAVID PARK\DESKTOP\NEW FOLDER (2)\BUILD\VS2010\OBJ\X32\DEBUG\BOX2D\B2EDGESHAPE.OBJ
C:\USERS\DAVID PARK\DESKTOP\NEW FOLDER (2)\BUILD\VS2010\OBJ\X32\DEBUG\BOX2D\B2FIXTURE.OBJ
C:\USERS\DAVID PARK\DESKTOP\NEW FOLDER (2)\BUILD\VS2010\OBJ\X32\DEBUG\BOX2D\B2FRICTIONJOINT.OBJ
C:\USERS\DAVID PARK\DESKTOP\NEW FOLDER (2)\BUILD\VS2010\OBJ\X32\DEBUG\BOX2D\B2GEARJOINT.OBJ
C:\USERS\DAVID PARK\DESKTOP\NEW FOLDER (2)\BUILD\VS2010\OBJ\X32\DEBUG\BOX2D\B2ISLAND.OBJ
C:\USERS\DAVID PARK\DESKTOP\NEW FOLDER (2)\BUILD\VS2010\OBJ\X32\DEBUG\BOX2D\B2JOINT.OBJ
C:\USERS\DAVID PARK\DESKTOP\NEW FOLDER (2)\BUILD\VS2010\OBJ\X32\DEBUG\BOX2D\B2MATH.OBJ
C:\USERS\DAVID PARK\DESKTOP\NEW FOLDER (2)\BUILD\VS2010\OBJ\X32\DEBUG\BOX2D\B2MOUSEJOINT.OBJ
C:\USERS\DAVID PARK\DESKTOP\NEW FOLDER (2)\BUILD\VS2010\OBJ\X32\DEBUG\BOX2D\B2POLYGONANDCIRCLECONTACT.OBJ
C:\USERS\DAVID PARK\DESKTOP\NEW FOLDER (2)\BUILD\VS2010\OBJ\X32\DEBUG\BOX2D\B2POLYGONCONTACT.OBJ
C:\USERS\DAVID PARK\DESKTOP\NEW FOLDER (2)\BUILD\VS2010\OBJ\X32\DEBUG\BOX2D\B2POLYGONSHAPE.OBJ
C:\USERS\DAVID PARK\DESKTOP\NEW FOLDER (2)\BUILD\VS2010\OBJ\X32\DEBUG\BOX2D\B2PRISMATICJOINT.OBJ
C:\USERS\DAVID PARK\DESKTOP\NEW FOLDER (2)\BUILD\VS2010\OBJ\X32\DEBUG\BOX2D\B2PULLEYJOINT.OBJ
C:\USERS\DAVID PARK\DESKTOP\NEW FOLDER (2)\BUILD\VS2010\OBJ\X32\DEBUG\BOX2D\B2REVOLUTEJOINT.OBJ
C:\USERS\DAVID PARK\DESKTOP\NEW FOLDER (2)\BUILD\VS2010\OBJ\X32\DEBUG\BOX2D\B2ROPE.OBJ
C:\USERS\DAVID PARK\DESKTOP\NEW FOLDER (2)\BUILD\VS2010\OBJ\X32\DEBUG\BOX2D\B2ROPEJOINT.OBJ
C:\USERS\DAVID PARK\DESKTOP\NEW FOLDER (2)\BUILD\VS2010\OBJ\X32\DEBUG\BOX2D\B2SETTINGS.OBJ
C:\USERS\DAVID PARK\DESKTOP\NEW FOLDER (2)\BUILD\VS2010\OBJ\X32\DEBUG\BOX2D\B2STACKALLOCATOR.OBJ
C:\USERS\DAVID PARK\DESKTOP\NEW FOLDER (2)\BUILD\VS2010\OBJ\X32\DEBUG\BOX2D\B2TIMEOFIMPACT.OBJ
C:\USERS\DAVID PARK\DESKTOP\NEW FOLDER (2)\BUILD\VS2010\OBJ\X32\DEBUG\BOX2D\B2TIMER.OBJ
C:\USERS\DAVID PARK\DESKTOP\NEW FOLDER (2)\BUILD\VS2010\OBJ\X32\DEBUG\BOX2D\B2WELDJOINT.OBJ
C:\USERS\DAVID PARK\DESKTOP\NEW FOLDER (2)\BUILD\VS2010\OBJ\X32\DEBUG\BOX2D\B2WHEELJOINT.OBJ
C:\USERS\DAVID PARK\DESKTOP\NEW FOLDER (2)\BUILD\VS2010\OBJ\X32\DEBUG\BOX2D\B2WORLD.OBJ
C:\USERS\DAVID PARK\DESKTOP\NEW FOLDER (2)\BUILD\VS2010\OBJ\X32\DEBUG\BOX2D\B2WORLDCALLBACKS.OBJ
C:\Users\David Park\Desktop\New folder (2)\Build\vs2010\obj\x32\Debug\Box2D\CL.4384.read.1.tlog
C:\Users\David Park\Desktop\New folder (2)\Build\vs2010\obj\x32\Debug\Box2D\CL.4384.write.1.tlog
C:\Users\David Park\Desktop\New folder (2)\Build\vs2010\obj\x32\Debug\Box2D\CL.5528.read.1.tlog
C:\Users\David Park\Desktop\New folder (2)\Build\vs2010\obj\x32\Debug\Box2D\CL.5528.write.1.tlog
C:\Users\David Park\Desktop\New folder (2)\Build\vs2010\obj\x32\Debug\Box2D\CL.5896.read.1.tlog
C:\Users\David Park\Desktop\New folder (2)\Build\vs2010\obj\x32\Debug\Box2D\CL.5896.write.1.tlog
C:\Users\David Park\Desktop\New folder (2)\Build\vs2010\obj\x32\Debug\Box2D\CL.6460.read.1.tlog
C:\Users\David Park\Desktop\New folder (2)\Build\vs2010\obj\x32\Debug\Box2D\CL.6460.write.1.tlog
C:\Users\David Park\Desktop\New folder (2)\Build\vs2010\obj\x32\Debug\Box2D\cl.command.1.tlog
C:\Users\David Park\Desktop\New folder (2)\Build\vs2010\obj\x32\Debug\Box2D\CL.read.1.tlog
C:\Users\David Park\Desktop\New folder (2)\Build\vs2010\obj\x32\Debug\Box2D\CL.write.1.tlog
C:\Users\David Park\Desktop\New folder (2)\Build\vs2010\obj\x32\Debug\Box2D\lib.command.1.tlog
C:\Users\David Park\Desktop\New folder (2)\Build\vs2010\obj\x32\Debug\Box2D\Lib-link.read.1.tlog
C:\Users\David Park\Desktop\New folder (2)\Build\vs2010\obj\x32\Debug\Box2D\Lib-link.write.1.tlog
